{"logTime": "0203/045603", "correlationVector":"8q4BfhcKvfTjfBxSm+mdB5.1","action":"SyncServerConnectionManagerRequest", "result":"SYNC_SERVER_OK", "context":{"environment":"Prod_southeastasia_prod-s01-065-apac-southeastasia", "migrationStage":"NotStarted", "server":"akswtt00400001e"}}
{"logTime": "0203/045603", "correlationVector":"BA+X5Su2lxU6k2c4tJ3leb","action":"SyncServerConnectionManagerRequest", "result":"SYNC_SERVER_OK", "context":{"environment":"", "migrationStage":"", "server":""}}
{"logTime": "0203/045603", "correlationVector":"8q4BfhcKvfTjfBxSm+mdB5","action":"Initial GetUpdates", "result":"", "context":Reason: NEW_CLIENT. cV=8q4BfhcKvfTjfBxSm+mdB5}
{"logTime": "0203/045603", "correlationVector":"8q4BfhcKvfTjfBxSm+mdB5.2","action":"GetUpdates Response", "result":"Success", "context":Received 1 update(s). cV=8q4BfhcKvfTjfBxSm+mdB5.0;server=akswtt00400001e;cloudType=Consumer;environment=Prod_southeastasia_prod-s01-065-apac-southeastasia;migrationStage=NotStarted}
{"logTime": "0203/045603", "correlationVector":"nUhOw1g1q2nJ8CrzfEHDcO","action":"Initial GetUpdates", "result":"", "context":Reason: NEWLY_SUPPORTED_DATATYPE. cV=nUhOw1g1q2nJ8CrzfEHDcO}
{"logTime": "0203/045604", "correlationVector":"nUhOw1g1q2nJ8CrzfEHDcO.1","action":"SyncServerConnectionManagerRequest", "result":"SYNC_SERVER_OK", "context":{"environment":"Prod_southeastasia_prod-s01-065-apac-southeastasia", "migrationStage":"NotStarted", "server":"akswtt004000012"}}
{"logTime": "0203/045604", "correlationVector":"nUhOw1g1q2nJ8CrzfEHDcO.2","action":"GetUpdates", "result":"DeleteReceived", "context":{"id":"e90b3cdf-4488-4aa0-9883-c3e687d21fb7", "isDeleted:":"true", "version":"1712106899457"}}
{"logTime": "0203/045604", "correlationVector":"nUhOw1g1q2nJ8CrzfEHDcO.3","action":"GetUpdates", "result":"DeleteReceived", "context":{"id":"8dfc57b1-232e-4fec-9308-cc50955f85f9", "isDeleted:":"true", "version":"1712107583196"}}
{"logTime": "0203/045604", "correlationVector":"nUhOw1g1q2nJ8CrzfEHDcO.4","action":"GetUpdates", "result":"DeleteReceived", "context":{"id":"0044b023-ac2e-4dcd-a8de-5b52540d8187", "isDeleted:":"true", "version":"1712718382806"}}
{"logTime": "0203/045604", "correlationVector":"nUhOw1g1q2nJ8CrzfEHDcO.5","action":"GetUpdates", "result":"DeleteReceived", "context":{"id":"f4dcd563-e254-4480-88e8-4083a3577c31", "isDeleted:":"true", "version":"1712718590783"}}
{"logTime": "0203/045604", "correlationVector":"nUhOw1g1q2nJ8CrzfEHDcO.6","action":"GetUpdates", "result":"DeleteReceived", "context":{"id":"6569dfb9-6875-4a47-a970-f8356588ba07", "isDeleted:":"true", "version":"1712718597765"}}
{"logTime": "0203/045604", "correlationVector":"nUhOw1g1q2nJ8CrzfEHDcO.7","action":"GetUpdates", "result":"DeleteReceived", "context":{"id":"b4496907-3091-489e-b796-d5389e3df301", "isDeleted:":"true", "version":"1713019388205"}}
{"logTime": "0203/045604", "correlationVector":"nUhOw1g1q2nJ8CrzfEHDcO.8","action":"GetUpdates", "result":"DeleteReceived", "context":{"id":"75abc6c0-9099-4f0e-8eda-a852af19e761", "isDeleted:":"true", "version":"1713019389250"}}
{"logTime": "0203/045604", "correlationVector":"nUhOw1g1q2nJ8CrzfEHDcO.9","action":"GetUpdates", "result":"DeleteReceived", "context":{"id":"23cf2280-75b1-444f-9df4-5a0b4d4c187f", "isDeleted:":"true", "version":"1713019390113"}}
{"logTime": "0203/045604", "correlationVector":"nUhOw1g1q2nJ8CrzfEHDcO.10","action":"GetUpdates", "result":"DeleteReceived", "context":{"id":"399e69ed-4e61-405c-8deb-f42c93015866", "isDeleted:":"true", "version":"1713019396819"}}
{"logTime": "0203/045604", "correlationVector":"nUhOw1g1q2nJ8CrzfEHDcO.11","action":"GetUpdates", "result":"DeleteReceived", "context":{"id":"be657adf-46ab-4944-8b8c-cf8c94fc9bcd", "isDeleted:":"true", "version":"1713019397485"}}
{"logTime": "0203/045604", "correlationVector":"nUhOw1g1q2nJ8CrzfEHDcO.12","action":"GetUpdates", "result":"DeleteReceived", "context":{"id":"bc6d4da2-2ca2-4501-b258-b3bebb2dbf3a", "isDeleted:":"true", "version":"1713019406112"}}
{"logTime": "0203/045604", "correlationVector":"nUhOw1g1q2nJ8CrzfEHDcO.13","action":"GetUpdates", "result":"DeleteReceived", "context":{"id":"d3f2965c-349b-4710-b30c-9662ce05dcae", "isDeleted:":"true", "version":"1713019834868"}}
{"logTime": "0203/045604", "correlationVector":"nUhOw1g1q2nJ8CrzfEHDcO.14","action":"GetUpdates", "result":"DeleteReceived", "context":{"id":"eb5474f2-9321-40a5-8123-cc11e40bb1b2", "isDeleted:":"true", "version":"1713019836952"}}
{"logTime": "0203/045604", "correlationVector":"nUhOw1g1q2nJ8CrzfEHDcO.15","action":"GetUpdates", "result":"DeleteReceived", "context":{"id":"42e02a9c-5716-4266-81ed-52c9dc592d73", "isDeleted:":"true", "version":"1713019837590"}}
{"logTime": "0203/045604", "correlationVector":"nUhOw1g1q2nJ8CrzfEHDcO.16","action":"GetUpdates", "result":"DeleteReceived", "context":{"id":"e35d78e7-01c2-4df1-a443-872927d87a81", "isDeleted:":"true", "version":"1713019837591"}}
{"logTime": "0203/045604", "correlationVector":"nUhOw1g1q2nJ8CrzfEHDcO.17","action":"GetUpdates", "result":"DeleteReceived", "context":{"id":"68c6979e-3de0-48a7-8fd5-539e84f88e4c", "isDeleted:":"true", "version":"1713019838229"}}
{"logTime": "0203/045604", "correlationVector":"nUhOw1g1q2nJ8CrzfEHDcO.18","action":"GetUpdates", "result":"DeleteReceived", "context":{"id":"3407d524-81d6-4cd7-a77c-62750d2d4d46", "isDeleted:":"true", "version":"1713019838771"}}
{"logTime": "0203/045604", "correlationVector":"nUhOw1g1q2nJ8CrzfEHDcO.19","action":"GetUpdates", "result":"DeleteReceived", "context":{"id":"a24c1f03-63ea-4e8f-ba61-68a4135fb05e", "isDeleted:":"true", "version":"1713019839375"}}
{"logTime": "0203/045604", "correlationVector":"nUhOw1g1q2nJ8CrzfEHDcO.20","action":"GetUpdates", "result":"DeleteReceived", "context":{"id":"170098ef-9214-4ac0-9b74-5ad6728ec92f", "isDeleted:":"true", "version":"1713019846742"}}
{"logTime": "0203/045604", "correlationVector":"nUhOw1g1q2nJ8CrzfEHDcO.21","action":"GetUpdates", "result":"DeleteReceived", "context":{"id":"e3a0495a-1cfa-4886-bc2d-905c76ecac22", "isDeleted:":"true", "version":"1722399740639"}}
{"logTime": "0203/045604", "correlationVector":"nUhOw1g1q2nJ8CrzfEHDcO.22","action":"GetUpdates Response", "result":"Success", "context":Received 144 update(s). cV=nUhOw1g1q2nJ8CrzfEHDcO.0;server=akswtt004000012;cloudType=Consumer;environment=Prod_southeastasia_prod-s01-065-apac-southeastasia;migrationStage=NotStarted}
{"logTime": "0203/045604", "correlationVector":"3DPncU7NjPBdyWPrFn8TLO","action":"Initial GetUpdates", "result":"", "context":Reason: NEWLY_SUPPORTED_DATATYPE. cV=3DPncU7NjPBdyWPrFn8TLO}
{"logTime": "0203/045604", "correlationVector":"3DPncU7NjPBdyWPrFn8TLO.1","action":"SyncServerConnectionManagerRequest", "result":"SYNC_SERVER_OK", "context":{"environment":"Prod_southeastasia_prod-s01-065-apac-southeastasia", "migrationStage":"NotStarted", "server":"akswtt004000020"}}
{"logTime": "0203/045604", "correlationVector":"3DPncU7NjPBdyWPrFn8TLO.2","action":"GetUpdates Response", "result":"Success", "context":Received 9 update(s). cV=3DPncU7NjPBdyWPrFn8TLO.0;server=akswtt004000020;cloudType=Consumer;environment=Prod_southeastasia_prod-s01-065-apac-southeastasia;migrationStage=NotStarted}
{"logTime": "0203/045604", "correlationVector":"FmBbS0eEqxouFxGlvBfCPW","action":"Initial GetUpdates", "result":"", "context":Reason: NEWLY_SUPPORTED_DATATYPE. cV=FmBbS0eEqxouFxGlvBfCPW}
{"logTime": "0203/045605", "correlationVector":"FmBbS0eEqxouFxGlvBfCPW.1","action":"SyncServerConnectionManagerRequest", "result":"SYNC_SERVER_OK", "context":{"environment":"Prod_southeastasia_prod-s01-065-apac-southeastasia", "migrationStage":"NotStarted", "server":"akswtt00400001x"}}
{"logTime": "0203/045605", "correlationVector":"FmBbS0eEqxouFxGlvBfCPW.2","action":"GetUpdates", "result":"DeleteReceived", "context":{"id":"2b599693-3709-4fbe-9286-3435271a6520", "isDeleted:":"true", "version":"1730803285589"}}
{"logTime": "0203/045605", "correlationVector":"FmBbS0eEqxouFxGlvBfCPW.3","action":"GetUpdates", "result":"DeleteReceived", "context":{"id":"cec8545d-93f7-47ff-9072-6d0de4f0a1f3", "isDeleted:":"true", "version":"1731750596368"}}
{"logTime": "0203/045605", "correlationVector":"FmBbS0eEqxouFxGlvBfCPW.4","action":"GetUpdates", "result":"DeleteReceived", "context":{"id":"bee4c124-8db2-40ec-a1a4-22b941114a3e", "isDeleted:":"true", "version":"1733277822060"}}
{"logTime": "0203/045605", "correlationVector":"FmBbS0eEqxouFxGlvBfCPW.5","action":"GetUpdates", "result":"DeleteReceived", "context":{"id":"9558f19f-eeb1-4150-9079-7878559395b8", "isDeleted:":"true", "version":"1732590609429"}}
{"logTime": "0203/045605", "correlationVector":"FmBbS0eEqxouFxGlvBfCPW.6","action":"GetUpdates", "result":"DeleteReceived", "context":{"id":"cd61b0e7-54af-441f-9109-4abbf001905d", "isDeleted:":"true", "version":"1732590609430"}}
{"logTime": "0203/045605", "correlationVector":"FmBbS0eEqxouFxGlvBfCPW.7","action":"GetUpdates", "result":"DeleteReceived", "context":{"id":"ad97e291-36a7-481a-a052-bba278a34dd0", "isDeleted:":"true", "version":"1732590609431"}}
{"logTime": "0203/045605", "correlationVector":"FmBbS0eEqxouFxGlvBfCPW.8","action":"GetUpdates", "result":"DeleteReceived", "context":{"id":"5619aef4-ef8a-4c59-a65d-35efbe57b1f9", "isDeleted:":"true", "version":"1732590609432"}}
{"logTime": "0203/045605", "correlationVector":"FmBbS0eEqxouFxGlvBfCPW.9","action":"GetUpdates", "result":"DeleteReceived", "context":{"id":"f3193f6f-c89e-4e21-b5b5-a987a7a5d172", "isDeleted:":"true", "version":"1732590609433"}}
{"logTime": "0203/045605", "correlationVector":"FmBbS0eEqxouFxGlvBfCPW.10","action":"GetUpdates", "result":"DeleteReceived", "context":{"id":"66e09309-0c32-4492-8a3e-990653f27981", "isDeleted:":"true", "version":"1732590609434"}}
{"logTime": "0203/045605", "correlationVector":"FmBbS0eEqxouFxGlvBfCPW.11","action":"GetUpdates", "result":"DeleteReceived", "context":{"id":"b0215307-43ed-4ca3-a86f-a8165aaf1a5b", "isDeleted:":"true", "version":"1732590609435"}}
{"logTime": "0203/045605", "correlationVector":"FmBbS0eEqxouFxGlvBfCPW.12","action":"GetUpdates", "result":"DeleteReceived", "context":{"id":"ea80836f-18d0-4c72-989a-4e5c06c23e7a", "isDeleted:":"true", "version":"1733277822063"}}
{"logTime": "0203/045605", "correlationVector":"FmBbS0eEqxouFxGlvBfCPW.13","action":"GetUpdates", "result":"DeleteReceived", "context":{"id":"9a5cfc44-3034-41e4-9520-d516b2c42034", "isDeleted:":"true", "version":"1735487979960"}}
{"logTime": "0203/045605", "correlationVector":"FmBbS0eEqxouFxGlvBfCPW.14","action":"GetUpdates", "result":"DeleteReceived", "context":{"id":"d5f7b0c2-3a56-49d5-85a2-05b49a7b0373", "isDeleted:":"true", "version":"1735487979961"}}
{"logTime": "0203/045605", "correlationVector":"FmBbS0eEqxouFxGlvBfCPW.15","action":"GetUpdates", "result":"DeleteReceived", "context":{"id":"1e93bb15-6bdd-4a14-b5d9-a88c127e0ef9", "isDeleted:":"true", "version":"1735487979962"}}
{"logTime": "0203/045605", "correlationVector":"FmBbS0eEqxouFxGlvBfCPW.16","action":"GetUpdates", "result":"DeleteReceived", "context":{"id":"da491bc1-fa1c-4b12-a59b-56d666073e0c", "isDeleted:":"true", "version":"1735609535910"}}
{"logTime": "0203/045605", "correlationVector":"FmBbS0eEqxouFxGlvBfCPW.17","action":"GetUpdates Response", "result":"Success", "context":Received 190 update(s). cV=FmBbS0eEqxouFxGlvBfCPW.0;server=akswtt00400001x;cloudType=Consumer;environment=Prod_southeastasia_prod-s01-065-apac-southeastasia;migrationStage=NotStarted}
{"logTime": "0203/045605", "correlationVector":"UW1DwI7y+BAAYkDtRMyUdm","action":"Initial GetUpdates", "result":"", "context":Reason: NEWLY_SUPPORTED_DATATYPE. cV=UW1DwI7y+BAAYkDtRMyUdm}
{"logTime": "0203/045605", "correlationVector":"UW1DwI7y+BAAYkDtRMyUdm.1","action":"SyncServerConnectionManagerRequest", "result":"SYNC_SERVER_OK", "context":{"environment":"Prod_southeastasia_prod-s01-065-apac-southeastasia", "migrationStage":"NotStarted", "server":"akswtt00400000g"}}
{"logTime": "0203/045605", "correlationVector":"UW1DwI7y+BAAYkDtRMyUdm.2","action":"GetUpdates Response", "result":"Success", "context":Received 0 update(s). cV=UW1DwI7y+BAAYkDtRMyUdm.0;server=akswtt00400000g;cloudType=Consumer;environment=Prod_southeastasia_prod-s01-065-apac-southeastasia;migrationStage=NotStarted}
{"logTime": "0203/045605", "correlationVector":"2r/xviXnrhGhB6TgePKu9J","action":"Normal GetUpdate request", "result":"", "context":cV=2r/xviXnrhGhB6TgePKu9J
Nudged types: Preferences, Autofill, Sessions, Device Info, User Consents
Refresh requested types: Bookmarks, Preferences, Passwords, Autofill Profiles, Autofill, Extensions, Sessions, Extension settings, History Delete Directives, Device Info, User Consents, Send Tab To Self, Web Apps, History, Collection, Edge E Drop, Edge Hub App Usage, Edge Tab Group, Edge Wallet, Encryption Keys}
{"logTime": "0203/045605", "correlationVector":"2r/xviXnrhGhB6TgePKu9J.1","action":"SyncServerConnectionManagerRequest", "result":"SYNC_SERVER_OK", "context":{"environment":"Prod_southeastasia_prod-s01-065-apac-southeastasia", "migrationStage":"NotStarted", "server":"akswtt004000001"}}
{"logTime": "0203/045605", "correlationVector":"2r/xviXnrhGhB6TgePKu9J.2","action":"GetUpdates Response", "result":"Success", "context":Received 0 update(s). cV=2r/xviXnrhGhB6TgePKu9J.0;server=akswtt004000001;cloudType=Consumer;environment=Prod_southeastasia_prod-s01-065-apac-southeastasia;migrationStage=NotStarted}
{"logTime": "0203/045606", "correlationVector":"OTHw4fZFHe0ybNLjEAjUKP","action":"Commit Request", "result":"", "context":Item count: 10
Contributing types: Preferences, Autofill, Sessions, Device Info, User Consents, History}
{"logTime": "0203/045607", "correlationVector":"OTHw4fZFHe0ybNLjEAjUKP.1","action":"SyncServerConnectionManagerRequest", "result":"SYNC_SERVER_OK", "context":{"environment":"Prod_southeastasia_prod-s01-065-apac-southeastasia", "migrationStage":"NotStarted", "server":"akswtt00400001o"}}
{"logTime": "0203/045607", "correlationVector":"OTHw4fZFHe0ybNLjEAjUKP.2","action":"Commit Response", "result":"Success", "context":Result: Success. cV=OTHw4fZFHe0ybNLjEAjUKP.0;server=akswtt00400001o;cloudType=Consumer;environment=Prod_southeastasia_prod-s01-065-apac-southeastasia;migrationStage=NotStarted}
{"logTime": "0203/045607", "correlationVector":"enT5lRZ7OT3Z5F2klPLWgi","action":"Commit Request", "result":"", "context":Item count: 6
Contributing types: Sessions, History}
{"logTime": "0203/045608", "correlationVector":"enT5lRZ7OT3Z5F2klPLWgi.1","action":"SyncServerConnectionManagerRequest", "result":"SYNC_SERVER_OK", "context":{"environment":"Prod_southeastasia_prod-s01-065-apac-southeastasia", "migrationStage":"NotStarted", "server":"akswtt004000002"}}
{"logTime": "0203/045608", "correlationVector":"enT5lRZ7OT3Z5F2klPLWgi.2","action":"Commit Response", "result":"Success", "context":Result: Success. cV=enT5lRZ7OT3Z5F2klPLWgi.0;server=akswtt004000002;cloudType=Consumer;environment=Prod_southeastasia_prod-s01-065-apac-southeastasia;migrationStage=NotStarted}
{"logTime": "0203/045610", "correlationVector":"a/ofeibIie4PnEYXoDnAPO","action":"Commit Request", "result":"", "context":Item count: 1
Contributing types: Preferences}
{"logTime": "0203/045610", "correlationVector":"a/ofeibIie4PnEYXoDnAPO.1","action":"SyncServerConnectionManagerRequest", "result":"SYNC_SERVER_OK", "context":{"environment":"Prod_southeastasia_prod-s01-065-apac-southeastasia", "migrationStage":"NotStarted", "server":"akswtt00400001o"}}
{"logTime": "0203/045610", "correlationVector":"a/ofeibIie4PnEYXoDnAPO.2","action":"Commit Response", "result":"Success", "context":Result: Success. cV=a/ofeibIie4PnEYXoDnAPO.0;server=akswtt00400001o;cloudType=Consumer;environment=Prod_southeastasia_prod-s01-065-apac-southeastasia;migrationStage=NotStarted}
{"logTime": "0203/045820", "correlationVector":"tZ/22TMUFmiB7O87EU70uj","action":"Commit Request", "result":"", "context":Item count: 3
Contributing types: Sessions, History}
{"logTime": "0203/045821", "correlationVector":"tZ/22TMUFmiB7O87EU70uj.1","action":"SyncServerConnectionManagerRequest", "result":"SYNC_SERVER_OK", "context":{"environment":"Prod_southeastasia_prod-s01-065-apac-southeastasia", "migrationStage":"NotStarted", "server":"akswtt004000011"}}
{"logTime": "0203/045821", "correlationVector":"tZ/22TMUFmiB7O87EU70uj.2","action":"Commit Response", "result":"Success", "context":Result: Success. cV=tZ/22TMUFmiB7O87EU70uj.0;server=akswtt004000011;cloudType=Consumer;environment=Prod_southeastasia_prod-s01-065-apac-southeastasia;migrationStage=NotStarted}
{"logTime": "0203/050439", "correlationVector":"0gCMJu+JctnqKxf4YjiZkz","action":"Commit Request", "result":"", "context":Item count: 3
Contributing types: Sessions, History}
{"logTime": "0203/050440", "correlationVector":"0gCMJu+JctnqKxf4YjiZkz.1","action":"SyncServerConnectionManagerRequest", "result":"SYNC_SERVER_OK", "context":{"environment":"Prod_southeastasia_prod-s01-064-apac-southeastasia", "migrationStage":"NotStarted", "server":"akswtt00400001f"}}
{"logTime": "0203/050440", "correlationVector":"0gCMJu+JctnqKxf4YjiZkz.2","action":"Commit Response", "result":"Success", "context":Result: Success. cV=0gCMJu+JctnqKxf4YjiZkz.0;server=akswtt00400001f;cloudType=Consumer;environment=Prod_southeastasia_prod-s01-064-apac-southeastasia;migrationStage=NotStarted}
{"logTime": "0205/031542", "correlationVector":"y1XNQwpg9eEghETccOwJ6o.1","action":"SyncServerConnectionManagerRequest", "result":"SYNC_SERVER_OK", "context":{"environment":"Prod_southeastasia_prod-s01-064-apac-southeastasia", "migrationStage":"NotStarted", "server":"akswtt00400002t"}}
{"logTime": "0205/031543", "correlationVector":"tho8YnNW9rTtCTiSZo7cPw","action":"SyncServerConnectionManagerRequest", "result":"SYNC_SERVER_OK", "context":{"environment":"", "migrationStage":"", "server":""}}
{"logTime": "0205/031543", "correlationVector":"y1XNQwpg9eEghETccOwJ6o","action":"Initial GetUpdates", "result":"", "context":Reason: NEW_CLIENT. cV=y1XNQwpg9eEghETccOwJ6o}
{"logTime": "0205/031543", "correlationVector":"y1XNQwpg9eEghETccOwJ6o.2","action":"GetUpdates Response", "result":"Success", "context":Received 1 update(s). cV=y1XNQwpg9eEghETccOwJ6o.0;server=akswtt00400002t;cloudType=Consumer;environment=Prod_southeastasia_prod-s01-064-apac-southeastasia;migrationStage=NotStarted}
{"logTime": "0205/031543", "correlationVector":"dErE5q1jC5JAxrWKjQVk/G","action":"Initial GetUpdates", "result":"", "context":Reason: NEWLY_SUPPORTED_DATATYPE. cV=dErE5q1jC5JAxrWKjQVk/G}
{"logTime": "0205/031543", "correlationVector":"dErE5q1jC5JAxrWKjQVk/G.1","action":"SyncServerConnectionManagerRequest", "result":"SYNC_SERVER_OK", "context":{"environment":"Prod_southeastasia_prod-s01-064-apac-southeastasia", "migrationStage":"NotStarted", "server":"akswtt00400002y"}}
{"logTime": "0205/031543", "correlationVector":"dErE5q1jC5JAxrWKjQVk/G.2","action":"GetUpdates", "result":"DeleteReceived", "context":{"id":"e90b3cdf-4488-4aa0-9883-c3e687d21fb7", "isDeleted:":"true", "version":"1712106899457"}}
{"logTime": "0205/031543", "correlationVector":"dErE5q1jC5JAxrWKjQVk/G.3","action":"GetUpdates", "result":"DeleteReceived", "context":{"id":"8dfc57b1-232e-4fec-9308-cc50955f85f9", "isDeleted:":"true", "version":"1712107583196"}}
{"logTime": "0205/031543", "correlationVector":"dErE5q1jC5JAxrWKjQVk/G.4","action":"GetUpdates", "result":"DeleteReceived", "context":{"id":"0044b023-ac2e-4dcd-a8de-5b52540d8187", "isDeleted:":"true", "version":"1712718382806"}}
{"logTime": "0205/031543", "correlationVector":"dErE5q1jC5JAxrWKjQVk/G.5","action":"GetUpdates", "result":"DeleteReceived", "context":{"id":"f4dcd563-e254-4480-88e8-4083a3577c31", "isDeleted:":"true", "version":"1712718590783"}}
{"logTime": "0205/031543", "correlationVector":"dErE5q1jC5JAxrWKjQVk/G.6","action":"GetUpdates", "result":"DeleteReceived", "context":{"id":"6569dfb9-6875-4a47-a970-f8356588ba07", "isDeleted:":"true", "version":"1712718597765"}}
{"logTime": "0205/031543", "correlationVector":"dErE5q1jC5JAxrWKjQVk/G.7","action":"GetUpdates", "result":"DeleteReceived", "context":{"id":"b4496907-3091-489e-b796-d5389e3df301", "isDeleted:":"true", "version":"1713019388205"}}
{"logTime": "0205/031543", "correlationVector":"dErE5q1jC5JAxrWKjQVk/G.8","action":"GetUpdates", "result":"DeleteReceived", "context":{"id":"75abc6c0-9099-4f0e-8eda-a852af19e761", "isDeleted:":"true", "version":"1713019389250"}}
{"logTime": "0205/031543", "correlationVector":"dErE5q1jC5JAxrWKjQVk/G.9","action":"GetUpdates", "result":"DeleteReceived", "context":{"id":"23cf2280-75b1-444f-9df4-5a0b4d4c187f", "isDeleted:":"true", "version":"1713019390113"}}
{"logTime": "0205/031543", "correlationVector":"dErE5q1jC5JAxrWKjQVk/G.10","action":"GetUpdates", "result":"DeleteReceived", "context":{"id":"399e69ed-4e61-405c-8deb-f42c93015866", "isDeleted:":"true", "version":"1713019396819"}}
{"logTime": "0205/031543", "correlationVector":"dErE5q1jC5JAxrWKjQVk/G.11","action":"GetUpdates", "result":"DeleteReceived", "context":{"id":"be657adf-46ab-4944-8b8c-cf8c94fc9bcd", "isDeleted:":"true", "version":"1713019397485"}}
{"logTime": "0205/031543", "correlationVector":"dErE5q1jC5JAxrWKjQVk/G.12","action":"GetUpdates", "result":"DeleteReceived", "context":{"id":"bc6d4da2-2ca2-4501-b258-b3bebb2dbf3a", "isDeleted:":"true", "version":"1713019406112"}}
{"logTime": "0205/031543", "correlationVector":"dErE5q1jC5JAxrWKjQVk/G.13","action":"GetUpdates", "result":"DeleteReceived", "context":{"id":"d3f2965c-349b-4710-b30c-9662ce05dcae", "isDeleted:":"true", "version":"1713019834868"}}
{"logTime": "0205/031543", "correlationVector":"dErE5q1jC5JAxrWKjQVk/G.14","action":"GetUpdates", "result":"DeleteReceived", "context":{"id":"eb5474f2-9321-40a5-8123-cc11e40bb1b2", "isDeleted:":"true", "version":"1713019836952"}}
{"logTime": "0205/031543", "correlationVector":"dErE5q1jC5JAxrWKjQVk/G.15","action":"GetUpdates", "result":"DeleteReceived", "context":{"id":"42e02a9c-5716-4266-81ed-52c9dc592d73", "isDeleted:":"true", "version":"1713019837590"}}
{"logTime": "0205/031543", "correlationVector":"dErE5q1jC5JAxrWKjQVk/G.16","action":"GetUpdates", "result":"DeleteReceived", "context":{"id":"e35d78e7-01c2-4df1-a443-872927d87a81", "isDeleted:":"true", "version":"1713019837591"}}
{"logTime": "0205/031543", "correlationVector":"dErE5q1jC5JAxrWKjQVk/G.17","action":"GetUpdates", "result":"DeleteReceived", "context":{"id":"68c6979e-3de0-48a7-8fd5-539e84f88e4c", "isDeleted:":"true", "version":"1713019838229"}}
{"logTime": "0205/031543", "correlationVector":"dErE5q1jC5JAxrWKjQVk/G.18","action":"GetUpdates", "result":"DeleteReceived", "context":{"id":"3407d524-81d6-4cd7-a77c-62750d2d4d46", "isDeleted:":"true", "version":"1713019838771"}}
{"logTime": "0205/031543", "correlationVector":"dErE5q1jC5JAxrWKjQVk/G.19","action":"GetUpdates", "result":"DeleteReceived", "context":{"id":"a24c1f03-63ea-4e8f-ba61-68a4135fb05e", "isDeleted:":"true", "version":"1713019839375"}}
{"logTime": "0205/031543", "correlationVector":"dErE5q1jC5JAxrWKjQVk/G.20","action":"GetUpdates", "result":"DeleteReceived", "context":{"id":"170098ef-9214-4ac0-9b74-5ad6728ec92f", "isDeleted:":"true", "version":"1713019846742"}}
{"logTime": "0205/031543", "correlationVector":"dErE5q1jC5JAxrWKjQVk/G.21","action":"GetUpdates", "result":"DeleteReceived", "context":{"id":"e3a0495a-1cfa-4886-bc2d-905c76ecac22", "isDeleted:":"true", "version":"1722399740639"}}
{"logTime": "0205/031543", "correlationVector":"dErE5q1jC5JAxrWKjQVk/G.22","action":"GetUpdates Response", "result":"Success", "context":Received 146 update(s). cV=dErE5q1jC5JAxrWKjQVk/G.0;server=akswtt00400002y;cloudType=Consumer;environment=Prod_southeastasia_prod-s01-064-apac-southeastasia;migrationStage=NotStarted}
{"logTime": "0205/031543", "correlationVector":"KXcinO0UZK80CXGMcJw2XJ","action":"Initial GetUpdates", "result":"", "context":Reason: NEWLY_SUPPORTED_DATATYPE. cV=KXcinO0UZK80CXGMcJw2XJ}
{"logTime": "0205/031543", "correlationVector":"KXcinO0UZK80CXGMcJw2XJ.1","action":"SyncServerConnectionManagerRequest", "result":"SYNC_SERVER_OK", "context":{"environment":"Prod_southeastasia_prod-s01-064-apac-southeastasia", "migrationStage":"NotStarted", "server":"akswtt00400000g"}}
{"logTime": "0205/031543", "correlationVector":"KXcinO0UZK80CXGMcJw2XJ.2","action":"GetUpdates Response", "result":"Success", "context":Received 9 update(s). cV=KXcinO0UZK80CXGMcJw2XJ.0;server=akswtt00400000g;cloudType=Consumer;environment=Prod_southeastasia_prod-s01-064-apac-southeastasia;migrationStage=NotStarted}
{"logTime": "0205/031543", "correlationVector":"MekZtcXlQfggFXRqMWacy0","action":"Initial GetUpdates", "result":"", "context":Reason: NEWLY_SUPPORTED_DATATYPE. cV=MekZtcXlQfggFXRqMWacy0}
{"logTime": "0205/031543", "correlationVector":"MekZtcXlQfggFXRqMWacy0.1","action":"SyncServerConnectionManagerRequest", "result":"SYNC_SERVER_OK", "context":{"environment":"Prod_southeastasia_prod-s01-064-apac-southeastasia", "migrationStage":"NotStarted", "server":"akswtt00400002j"}}
{"logTime": "0205/031543", "correlationVector":"MekZtcXlQfggFXRqMWacy0.2","action":"GetUpdates", "result":"DeleteReceived", "context":{"id":"cec8545d-93f7-47ff-9072-6d0de4f0a1f3", "isDeleted:":"true", "version":"1731750596368"}}
{"logTime": "0205/031543", "correlationVector":"MekZtcXlQfggFXRqMWacy0.3","action":"GetUpdates", "result":"DeleteReceived", "context":{"id":"bee4c124-8db2-40ec-a1a4-22b941114a3e", "isDeleted:":"true", "version":"1733277822060"}}
{"logTime": "0205/031543", "correlationVector":"MekZtcXlQfggFXRqMWacy0.4","action":"GetUpdates", "result":"DeleteReceived", "context":{"id":"9558f19f-eeb1-4150-9079-7878559395b8", "isDeleted:":"true", "version":"1732590609429"}}
{"logTime": "0205/031543", "correlationVector":"MekZtcXlQfggFXRqMWacy0.5","action":"GetUpdates", "result":"DeleteReceived", "context":{"id":"cd61b0e7-54af-441f-9109-4abbf001905d", "isDeleted:":"true", "version":"1732590609430"}}
{"logTime": "0205/031543", "correlationVector":"MekZtcXlQfggFXRqMWacy0.6","action":"GetUpdates", "result":"DeleteReceived", "context":{"id":"ad97e291-36a7-481a-a052-bba278a34dd0", "isDeleted:":"true", "version":"1732590609431"}}
{"logTime": "0205/031543", "correlationVector":"MekZtcXlQfggFXRqMWacy0.7","action":"GetUpdates", "result":"DeleteReceived", "context":{"id":"5619aef4-ef8a-4c59-a65d-35efbe57b1f9", "isDeleted:":"true", "version":"1732590609432"}}
{"logTime": "0205/031543", "correlationVector":"MekZtcXlQfggFXRqMWacy0.8","action":"GetUpdates", "result":"DeleteReceived", "context":{"id":"f3193f6f-c89e-4e21-b5b5-a987a7a5d172", "isDeleted:":"true", "version":"1732590609433"}}
{"logTime": "0205/031543", "correlationVector":"MekZtcXlQfggFXRqMWacy0.9","action":"GetUpdates", "result":"DeleteReceived", "context":{"id":"66e09309-0c32-4492-8a3e-990653f27981", "isDeleted:":"true", "version":"1732590609434"}}
{"logTime": "0205/031543", "correlationVector":"MekZtcXlQfggFXRqMWacy0.10","action":"GetUpdates", "result":"DeleteReceived", "context":{"id":"b0215307-43ed-4ca3-a86f-a8165aaf1a5b", "isDeleted:":"true", "version":"1732590609435"}}
{"logTime": "0205/031543", "correlationVector":"MekZtcXlQfggFXRqMWacy0.11","action":"GetUpdates", "result":"DeleteReceived", "context":{"id":"ea80836f-18d0-4c72-989a-4e5c06c23e7a", "isDeleted:":"true", "version":"1733277822063"}}
{"logTime": "0205/031543", "correlationVector":"MekZtcXlQfggFXRqMWacy0.12","action":"GetUpdates", "result":"DeleteReceived", "context":{"id":"9a5cfc44-3034-41e4-9520-d516b2c42034", "isDeleted:":"true", "version":"1735487979960"}}
{"logTime": "0205/031543", "correlationVector":"MekZtcXlQfggFXRqMWacy0.13","action":"GetUpdates", "result":"DeleteReceived", "context":{"id":"d5f7b0c2-3a56-49d5-85a2-05b49a7b0373", "isDeleted:":"true", "version":"1735487979961"}}
{"logTime": "0205/031543", "correlationVector":"MekZtcXlQfggFXRqMWacy0.14","action":"GetUpdates", "result":"DeleteReceived", "context":{"id":"1e93bb15-6bdd-4a14-b5d9-a88c127e0ef9", "isDeleted:":"true", "version":"1735487979962"}}
{"logTime": "0205/031543", "correlationVector":"MekZtcXlQfggFXRqMWacy0.15","action":"GetUpdates", "result":"DeleteReceived", "context":{"id":"da491bc1-fa1c-4b12-a59b-56d666073e0c", "isDeleted:":"true", "version":"1735609535910"}}
{"logTime": "0205/031543", "correlationVector":"MekZtcXlQfggFXRqMWacy0.16","action":"GetUpdates Response", "result":"Success", "context":Received 192 update(s). cV=MekZtcXlQfggFXRqMWacy0.0;server=akswtt00400002j;cloudType=Consumer;environment=Prod_southeastasia_prod-s01-064-apac-southeastasia;migrationStage=NotStarted}
{"logTime": "0205/031544", "correlationVector":"+HQ6hyxFkfc/nolWRmiMGp","action":"Initial GetUpdates", "result":"", "context":Reason: NEWLY_SUPPORTED_DATATYPE. cV=+HQ6hyxFkfc/nolWRmiMGp}
{"logTime": "0205/031544", "correlationVector":"+HQ6hyxFkfc/nolWRmiMGp.1","action":"SyncServerConnectionManagerRequest", "result":"SYNC_SERVER_OK", "context":{"environment":"Prod_southeastasia_prod-s01-064-apac-southeastasia", "migrationStage":"NotStarted", "server":"akswtt00400000r"}}
{"logTime": "0205/031544", "correlationVector":"+HQ6hyxFkfc/nolWRmiMGp.2","action":"GetUpdates Response", "result":"Success", "context":Received 8 update(s). cV=+HQ6hyxFkfc/nolWRmiMGp.0;server=akswtt00400000r;cloudType=Consumer;environment=Prod_southeastasia_prod-s01-064-apac-southeastasia;migrationStage=NotStarted}
{"logTime": "0205/031544", "correlationVector":"D/1PXcD1AoNmzTHLf3SVMc","action":"Normal GetUpdate request", "result":"", "context":cV=D/1PXcD1AoNmzTHLf3SVMc
Nudged types: Autofill, Sessions, Device Info
Refresh requested types: Bookmarks, Preferences, Passwords, Autofill Profiles, Autofill, Extensions, Sessions, Extension settings, History Delete Directives, Device Info, User Consents, Send Tab To Self, Web Apps, History, Collection, Edge E Drop, Edge Hub App Usage, Edge Tab Group, Edge Wallet, Encryption Keys}
{"logTime": "0205/031544", "correlationVector":"D/1PXcD1AoNmzTHLf3SVMc.1","action":"SyncServerConnectionManagerRequest", "result":"SYNC_SERVER_OK", "context":{"environment":"Prod_southeastasia_prod-s01-064-apac-southeastasia", "migrationStage":"NotStarted", "server":"akswtt004000016"}}
{"logTime": "0205/031544", "correlationVector":"D/1PXcD1AoNmzTHLf3SVMc.2","action":"GetUpdates Response", "result":"Success", "context":Received 0 update(s). cV=D/1PXcD1AoNmzTHLf3SVMc.0;server=akswtt004000016;cloudType=Consumer;environment=Prod_southeastasia_prod-s01-064-apac-southeastasia;migrationStage=NotStarted}
{"logTime": "0205/031544", "correlationVector":"qekNnFLtWagt9ML60nv2CM","action":"DoCompareDataConsistency requsted types: ", "result":"Bookmarks, Preferences, Passwords, Extensions, Extension settings, History Delete Directives, Send Tab To Self, Web Apps, History, Collection, Edge E Drop, Edge Tab Group, Edge Wallet, Encryption Keys"}
{"logTime": "0205/031544", "correlationVector":"qekNnFLtWagt9ML60nv2CM.0","action":"CompareDataConsistency result: ", "result":"Compare result: Encryption Keys is consistent. local entities count is: 1 local entities hash is: xaSCQ7ypdi4WlsqJq3GuQsdBUVc="}
{"logTime": "0205/031544", "correlationVector":"qekNnFLtWagt9ML60nv2CM.1","action":"CompareDataConsistency result: ", "result":"Compare result: Bookmarks is consistent. local entities count is: 4 local entities hash is: ivutrg1xnThqIDXnD8ZcMK0Z4zs="}
{"logTime": "0205/031544", "correlationVector":"qekNnFLtWagt9ML60nv2CM.2","action":"CompareDataConsistency result: ", "result":"Compare result: Preferences is consistent. local entities count is: 71 local entities hash is: z/fld5+SXWe4mM/1B1H3xULN/c0="}
{"logTime": "0205/031544", "correlationVector":"qekNnFLtWagt9ML60nv2CM.3","action":"CompareDataConsistency result: ", "result":"Compare result: Extensions is consistent. local entities count is: 3 local entities hash is: PpQrrDeVbbQrLsKBMn8DbDbygoA="}
{"logTime": "0205/031544", "correlationVector":"qekNnFLtWagt9ML60nv2CM.4","action":"CompareDataConsistency result: ", "result":"Compare result: Extension settings is consistent. local entities count is: 0 local entities hash is: "}
{"logTime": "0205/031544", "correlationVector":"qekNnFLtWagt9ML60nv2CM.5","action":"CompareDataConsistency result: ", "result":"Compare result: History Delete Directives is consistent. local entities count is: 0 local entities hash is: "}
{"logTime": "0205/031544", "correlationVector":"qekNnFLtWagt9ML60nv2CM.6","action":"CompareDataConsistency result: ", "result":"Server did not send this Send Tab To Self local entities count is: 0 local entities hash is: "}
{"logTime": "0205/031544", "correlationVector":"qekNnFLtWagt9ML60nv2CM.7","action":"CompareDataConsistency result: ", "result":"Compare result: Web Apps is consistent. local entities count is: 0 local entities hash is: "}
{"logTime": "0205/031544", "correlationVector":"qekNnFLtWagt9ML60nv2CM.8","action":"CompareDataConsistency result: ", "result":"Server did not send this History local entities count is: 0 local entities hash is: "}
{"logTime": "0205/031544", "correlationVector":"qekNnFLtWagt9ML60nv2CM.9","action":"CompareDataConsistency result: ", "result":"Compare result: Collection is consistent. local entities count is: 0 local entities hash is: "}
{"logTime": "0205/031544", "correlationVector":"qekNnFLtWagt9ML60nv2CM.10","action":"CompareDataConsistency result: ", "result":"Compare result: Edge E Drop is consistent. local entities count is: 0 local entities hash is: "}
{"logTime": "0205/031544", "correlationVector":"qekNnFLtWagt9ML60nv2CM.11","action":"CompareDataConsistency result: ", "result":"Compare result: Edge Tab Group is consistent. local entities count is: 0 local entities hash is: "}
{"logTime": "0205/031544", "correlationVector":"qekNnFLtWagt9ML60nv2CM.12","action":"CompareDataConsistency result: ", "result":"Compare result: Edge Wallet is consistent. local entities count is: 0 local entities hash is: "}
{"logTime": "0205/031544", "correlationVector":"qekNnFLtWagt9ML60nv2CM.13","action":"CompareDataConsistency result: ", "result":"Compare result: Passwords is consistent. local entities count is: 52 local entities hash is: ox7viVVEK8MO1CnHkqRrtpd6rt8="}
{"logTime": "0205/031544", "correlationVector":"VqVLWxLgi22DdW4GtsxAq5","action":"Commit Request", "result":"", "context":Item count: 8
Contributing types: Autofill, Sessions, Device Info}
{"logTime": "0205/031545", "correlationVector":"VqVLWxLgi22DdW4GtsxAq5.1","action":"SyncServerConnectionManagerRequest", "result":"SYNC_SERVER_OK", "context":{"environment":"Prod_southeastasia_prod-s01-064-apac-southeastasia", "migrationStage":"NotStarted", "server":"akswtt00400002c"}}
{"logTime": "0205/031545", "correlationVector":"VqVLWxLgi22DdW4GtsxAq5.2","action":"Commit Response", "result":"Success", "context":Result: Success. cV=VqVLWxLgi22DdW4GtsxAq5.0;server=akswtt00400002c;cloudType=Consumer;environment=Prod_southeastasia_prod-s01-064-apac-southeastasia;migrationStage=NotStarted}
{"logTime": "0205/031546", "correlationVector":"","action":"DIAGNOSTIC_REQUEST|v1/diagnosticData/Diagnostic.SendCheckResult()|SUCCESS", "result":""}
{"logTime": "0205/031546", "correlationVector":"yDvPQR1Fw//DGk7TlLafJ3","action":"Commit Request", "result":"", "context":Item count: 7
Contributing types: Sessions, History}
{"logTime": "0205/031546", "correlationVector":"yDvPQR1Fw//DGk7TlLafJ3.1","action":"SyncServerConnectionManagerRequest", "result":"SYNC_SERVER_OK", "context":{"environment":"Prod_southeastasia_prod-s01-064-apac-southeastasia", "migrationStage":"NotStarted", "server":"akswtt00400002q"}}
{"logTime": "0205/031546", "correlationVector":"yDvPQR1Fw//DGk7TlLafJ3.2","action":"Commit Response", "result":"Success", "context":Result: Success. cV=yDvPQR1Fw//DGk7TlLafJ3.0;server=akswtt00400002q;cloudType=Consumer;environment=Prod_southeastasia_prod-s01-064-apac-southeastasia;migrationStage=NotStarted}
{"logTime": "0205/031549", "correlationVector":"+IYVh+2cSpTmm8Mw3PjzNp","action":"Commit Request", "result":"", "context":Item count: 1
Contributing types: Preferences}
{"logTime": "0205/031550", "correlationVector":"+IYVh+2cSpTmm8Mw3PjzNp.1","action":"SyncServerConnectionManagerRequest", "result":"SYNC_SERVER_OK", "context":{"environment":"Prod_southeastasia_prod-s01-064-apac-southeastasia", "migrationStage":"NotStarted", "server":"akswtt00400000q"}}
{"logTime": "0205/031550", "correlationVector":"+IYVh+2cSpTmm8Mw3PjzNp.2","action":"Commit Response", "result":"Success", "context":Result: Success. cV=+IYVh+2cSpTmm8Mw3PjzNp.0;server=akswtt00400000q;cloudType=Consumer;environment=Prod_southeastasia_prod-s01-064-apac-southeastasia;migrationStage=NotStarted}
{"logTime": "0205/031607", "correlationVector":"TXC6R9OuGLaLibZzuQOnnj","action":"Commit Request", "result":"", "context":Item count: 7
Contributing types: Preferences, Autofill, Sessions, History}
{"logTime": "0205/031608", "correlationVector":"TXC6R9OuGLaLibZzuQOnnj.1","action":"SyncServerConnectionManagerRequest", "result":"SYNC_SERVER_OK", "context":{"environment":"Prod_southeastasia_prod-s01-064-apac-southeastasia", "migrationStage":"NotStarted", "server":"akswtt00400002y"}}
{"logTime": "0205/031608", "correlationVector":"TXC6R9OuGLaLibZzuQOnnj.2","action":"Commit Response", "result":"Success", "context":Result: Success. cV=TXC6R9OuGLaLibZzuQOnnj.0;server=akswtt00400002y;cloudType=Consumer;environment=Prod_southeastasia_prod-s01-064-apac-southeastasia;migrationStage=NotStarted}
{"logTime": "0205/031608", "correlationVector":"IFyFy9qSkSIBDzA8q/VS6I","action":"Commit Request", "result":"", "context":Item count: 4
Contributing types: Preferences, Passwords, Sessions, History}
{"logTime": "0205/031608", "correlationVector":"IFyFy9qSkSIBDzA8q/VS6I.1","action":"SyncServerConnectionManagerRequest", "result":"SYNC_SERVER_OK", "context":{"environment":"Prod_southeastasia_prod-s01-064-apac-southeastasia", "migrationStage":"NotStarted", "server":"akswtt004000005"}}
{"logTime": "0205/031608", "correlationVector":"IFyFy9qSkSIBDzA8q/VS6I.2","action":"Commit Response", "result":"Success", "context":Result: Success. cV=IFyFy9qSkSIBDzA8q/VS6I.0;server=akswtt004000005;cloudType=Consumer;environment=Prod_southeastasia_prod-s01-064-apac-southeastasia;migrationStage=NotStarted}
{"logTime": "0205/031639", "correlationVector":"w3IJ4qhsrSXF24O1TeqWun","action":"Commit Request", "result":"", "context":Item count: 5
Contributing types: Sessions, History}
{"logTime": "0205/031640", "correlationVector":"w3IJ4qhsrSXF24O1TeqWun.1","action":"SyncServerConnectionManagerRequest", "result":"SYNC_SERVER_OK", "context":{"environment":"Prod_southeastasia_prod-s01-064-apac-southeastasia", "migrationStage":"NotStarted", "server":"akswtt00400003h"}}
{"logTime": "0205/031640", "correlationVector":"w3IJ4qhsrSXF24O1TeqWun.2","action":"Commit Response", "result":"Success", "context":Result: Success. cV=w3IJ4qhsrSXF24O1TeqWun.0;server=akswtt00400003h;cloudType=Consumer;environment=Prod_southeastasia_prod-s01-064-apac-southeastasia;migrationStage=NotStarted}
