2025-02-03 04:55:57.671: [INFO][Sync] Reset engine, reason: 8
2025-02-03 04:55:57.671: [INFO][Sync] Stopped: Bookmarks
2025-02-03 04:55:57.671: [INFO][Sync] Stopped: Preferences
2025-02-03 04:55:57.671: [INFO][Sync] Stopped: Passwords
2025-02-03 04:55:57.671: [INFO][Sync] Stopped: Autofill Profiles
2025-02-03 04:55:57.671: [INFO][Sync] Stopped: Autofill
2025-02-03 04:55:57.671: [INFO][Sync] Stopped: Extensions
2025-02-03 04:55:57.671: [INFO][Sync] Stopped: Sessions
2025-02-03 04:55:57.671: [INFO][Sync] Stopped: Extension settings
2025-02-03 04:55:57.671: [INFO][Sync] Stopped: History Delete Directives
2025-02-03 04:55:57.671: [INFO][Sync] Stopped: Device Info
2025-02-03 04:55:57.671: [INFO][Sync] Stopped: User Consents
2025-02-03 04:55:57.671: [INFO][Sync] Stopped: Send Tab To Self
2025-02-03 04:55:57.671: [INFO][Sync] Stopped: Web Apps
2025-02-03 04:55:57.671: [INFO][Sync] Stopped: History
2025-02-03 04:55:57.671: [INFO][Sync] Stopped: Collection
2025-02-03 04:55:57.671: [INFO][Sync] Stopped: Edge E Drop
2025-02-03 04:55:57.671: [INFO][Sync] Stopped: Edge Hub App Usage
2025-02-03 04:55:57.671: [INFO][Sync] Stopped: Edge Tab Group
2025-02-03 04:55:57.671: [INFO][Sync] Stopped: Edge Wallet
2025-02-03 04:55:57.671: [INFO][Sync] SyncState after authenticated was: NotSignedIn
2025-02-03 04:55:57.882: [INFO][Sync] Reset engine, reason: 8
2025-02-03 04:55:57.882: [INFO][Sync] Stopped: Bookmarks
2025-02-03 04:55:57.882: [INFO][Sync] Stopped: Preferences
2025-02-03 04:55:57.882: [INFO][Sync] Stopped: Passwords
2025-02-03 04:55:57.882: [INFO][Sync] Stopped: Autofill Profiles
2025-02-03 04:55:57.882: [INFO][Sync] Stopped: Autofill
2025-02-03 04:55:57.882: [INFO][Sync] Stopped: Extensions
2025-02-03 04:55:57.882: [INFO][Sync] Stopped: Sessions
2025-02-03 04:55:57.882: [INFO][Sync] Stopped: Extension settings
2025-02-03 04:55:57.882: [INFO][Sync] Stopped: History Delete Directives
2025-02-03 04:55:57.882: [INFO][Sync] Stopped: Device Info
2025-02-03 04:55:57.882: [INFO][Sync] Stopped: User Consents
2025-02-03 04:55:57.882: [INFO][Sync] Stopped: Send Tab To Self
2025-02-03 04:55:57.882: [INFO][Sync] Stopped: Web Apps
2025-02-03 04:55:57.882: [INFO][Sync] Stopped: History
2025-02-03 04:55:57.882: [INFO][Sync] Stopped: Collection
2025-02-03 04:55:57.882: [INFO][Sync] Stopped: Edge E Drop
2025-02-03 04:55:57.882: [INFO][Sync] Stopped: Edge Hub App Usage
2025-02-03 04:55:57.882: [INFO][Sync] Stopped: Edge Tab Group
2025-02-03 04:55:57.882: [INFO][Sync] Stopped: Edge Wallet
2025-02-03 04:56:01.032: [INFO][Sync] Try to start sync engine
2025-02-03 04:56:01.033: [INFO][SyncManagerImpl::NudgeForInitialDownload] Initial download nudge for Encryption Keys
2025-02-03 04:56:01.033: [INFO][SyncEngineBackend::LoadAndConnectNigoriController] Load and connect Nigori controller
2025-02-03 04:56:01.033: [INFO][SyncEngineBackend::DoInitialize] Control Types added: Encryption Keys
2025-02-03 04:56:01.033: [INFO][SyncManagerImpl::ConfigureSyncer] Types to download: Encryption Keys with reason: 3
2025-02-03 04:56:01.034: [INFO][SyncSchedulerImpl::DoConfigurationSyncCycleJob] Configure job was blocked
2025-02-03 04:56:01.098: [INFO][SyncAuthManager::SetLastAuthError] Current auth error: None
2025-02-03 04:56:01.098: [INFO][SyncAuthManager::EdgeLogTokenErrorState] Token error with: None for account type: MSA
2025-02-03 04:56:01.098: [INFO][Sync] Credentials changed for: EdgeSyncScopeNew
2025-02-03 04:56:01.894: [INFO][SyncAuthManager::SetLastAuthError] Current auth error: None
2025-02-03 04:56:01.894: [INFO][SyncAuthManager::EdgeLogTokenErrorState] Token error with: None for account type: MSA
2025-02-03 04:56:01.894: [INFO][Sync] Credentials changed for: EdgeSyncKeyDataScope
2025-02-03 04:56:01.894: [INFO][SyncEngineBackend::DoUpdateKeyDataCredentials] Update key data credentials
2025-02-03 04:56:01.894: [INFO][SyncEngineBackend::DoUpdateCredentials] Update credentials
2025-02-03 04:56:01.894: [INFO][SyncSchedulerImpl::DoConfigurationSyncCycleJob] Blocked types:  and types to download: Encryption Keys
2025-02-03 04:56:03.123: [INFO][Sync] Started DataTypeManager configuration, reason: 4
2025-02-03 04:56:03.123: [INFO][Sync] Configuring for: Bookmarks, Preferences, Passwords, Autofill Profiles, Autofill, Extensions, Sessions, Extension settings, History Delete Directives, Device Info, User Consents, Send Tab To Self, Web Apps, History, Collection, Edge E Drop, Edge Hub App Usage, Edge Tab Group, Edge Wallet, Encryption Keys, reason: 3, current state: 0
2025-02-03 04:56:03.124: [INFO][Sync] Configure, desired: Bookmarks, Preferences, Extensions, Sessions, Extension settings, History Delete Directives, Device Info, User Consents, Send Tab To Self, Web Apps, History, Collection, Edge E Drop, Edge Hub App Usage, Edge Tab Group, Edge Wallet, Encryption Keys; Allow fail: Passwords, Autofill Profiles, Autofill
2025-02-03 04:56:03.124: [INFO][Sync] Loading: Bookmarks
2025-02-03 04:56:03.124: [INFO][Sync] Loading: Preferences
2025-02-03 04:56:03.124: [INFO][Sync] Loading: Extensions
2025-02-03 04:56:03.124: [INFO][Sync] Loading: Sessions
2025-02-03 04:56:03.124: [INFO][Sync] Loading: Extension settings
2025-02-03 04:56:03.124: [INFO][Sync] Loading: History Delete Directives
2025-02-03 04:56:03.124: [INFO][Sync] Loading: Device Info
2025-02-03 04:56:03.124: [INFO][Sync] Loading: User Consents
2025-02-03 04:56:03.124: [INFO][Sync] Loading: Send Tab To Self
2025-02-03 04:56:03.124: [INFO][Sync] Loading: Web Apps
2025-02-03 04:56:03.124: [INFO][Sync] Loading: History
2025-02-03 04:56:03.124: [INFO][Sync] Loading: Collection
2025-02-03 04:56:03.124: [INFO][Sync] Loading: Edge E Drop
2025-02-03 04:56:03.124: [INFO][Sync] Loading: Edge Hub App Usage
2025-02-03 04:56:03.124: [INFO][Sync] Loading: Edge Tab Group
2025-02-03 04:56:03.124: [INFO][Sync] Loading: Edge Wallet
2025-02-03 04:56:03.125: [INFO][Sync] All data types are ready for configure.
2025-02-03 04:56:03.859: [INFO][Sync] Started DataTypeManager configuration, reason: 5
2025-02-03 04:56:03.859: [INFO][Sync] Configuring for: Bookmarks, Preferences, Passwords, Autofill Profiles, Autofill, Extensions, Sessions, Extension settings, History Delete Directives, Device Info, User Consents, Send Tab To Self, Web Apps, History, Collection, Edge E Drop, Edge Hub App Usage, Edge Tab Group, Edge Wallet, Encryption Keys, reason: 5, current state: 1
2025-02-03 04:56:03.859: [INFO][SyncEngineBackend::DoStartConfiguration] Start configuration
2025-02-03 04:56:03.859: [INFO][SyncManagerImpl::NudgeForInitialDownload] Initial download nudge for Bookmarks
2025-02-03 04:56:03.859: [INFO][SyncManagerImpl::NudgeForInitialDownload] Initial download nudge for Preferences
2025-02-03 04:56:03.859: [INFO][SyncManagerImpl::NudgeForInitialDownload] Initial download nudge for Extensions
2025-02-03 04:56:03.859: [INFO][SyncManagerImpl::NudgeForInitialDownload] Initial download nudge for Sessions
2025-02-03 04:56:03.859: [INFO][SyncManagerImpl::NudgeForInitialDownload] Initial download nudge for Extension settings
2025-02-03 04:56:03.859: [INFO][SyncManagerImpl::NudgeForInitialDownload] Initial download nudge for History Delete Directives
2025-02-03 04:56:03.859: [INFO][SyncManagerImpl::NudgeForInitialDownload] Initial download nudge for Device Info
2025-02-03 04:56:03.859: [INFO][SyncManagerImpl::NudgeForInitialDownload] Initial download nudge for Send Tab To Self
2025-02-03 04:56:03.859: [INFO][SyncManagerImpl::NudgeForInitialDownload] Initial download nudge for Web Apps
2025-02-03 04:56:03.859: [INFO][SyncManagerImpl::NudgeForInitialDownload] Initial download nudge for History
2025-02-03 04:56:03.859: [INFO][SyncManagerImpl::NudgeForInitialDownload] Initial download nudge for Collection
2025-02-03 04:56:03.859: [INFO][SyncManagerImpl::NudgeForInitialDownload] Initial download nudge for Edge E Drop
2025-02-03 04:56:03.859: [INFO][SyncManagerImpl::NudgeForInitialDownload] Initial download nudge for Edge Hub App Usage
2025-02-03 04:56:03.859: [INFO][SyncManagerImpl::NudgeForInitialDownload] Initial download nudge for Edge Tab Group
2025-02-03 04:56:03.859: [INFO][SyncManagerImpl::NudgeForInitialDownload] Initial download nudge for Edge Wallet
2025-02-03 04:56:03.859: [INFO][SyncManagerImpl::ConfigureSyncer] Types to download:  with reason: 3
2025-02-03 04:56:03.859: [INFO][SyncEngineBackend::DoFinishConfigureDataTypes] Failed to download types:  and succeeded types: 
2025-02-03 04:56:03.859: [INFO][Sync] ConfigurationDone, failed: , succeeded: , remaining count: 4
2025-02-03 04:56:03.859: [WARN][Sync]     Reconfigure requested while configuration ongoing.
2025-02-03 04:56:03.859: [INFO][Sync] Configuring for: Bookmarks, Preferences, Passwords, Autofill Profiles, Autofill, Extensions, Sessions, Extension settings, History Delete Directives, Device Info, User Consents, Send Tab To Self, Web Apps, History, Collection, Edge E Drop, Edge Hub App Usage, Edge Tab Group, Edge Wallet, Encryption Keys, reason: 5, current state: 2
2025-02-03 04:56:03.859: [INFO][Sync] Configure, desired: Bookmarks, Preferences, Passwords, Autofill Profiles, Autofill, Extensions, Sessions, Extension settings, History Delete Directives, Device Info, User Consents, Send Tab To Self, Web Apps, History, Collection, Edge E Drop, Edge Hub App Usage, Edge Tab Group, Edge Wallet, Encryption Keys; Allow fail: 
2025-02-03 04:56:03.859: [INFO][Sync] Loading: Passwords
2025-02-03 04:56:03.860: [INFO][Sync] Loading: Autofill Profiles
2025-02-03 04:56:03.860: [INFO][Sync] Loading: Autofill
2025-02-03 04:56:03.860: [INFO][Sync] All data types are ready for configure.
2025-02-03 04:56:03.860: [INFO][SyncManagerImpl::NudgeForInitialDownload] Initial download nudge for Passwords
2025-02-03 04:56:03.860: [INFO][SyncManagerImpl::NudgeForInitialDownload] Initial download nudge for Autofill Profiles
2025-02-03 04:56:03.860: [INFO][SyncManagerImpl::NudgeForInitialDownload] Initial download nudge for Autofill
2025-02-03 04:56:03.860: [INFO][SyncManagerImpl::ConfigureSyncer] Types to download:  with reason: 5
2025-02-03 04:56:03.860: [INFO][SyncEngineBackend::DoFinishConfigureDataTypes] Failed to download types:  and succeeded types: 
2025-02-03 04:56:03.860: [INFO][Sync] ConfigurationDone, failed: , succeeded: , remaining count: 4
2025-02-03 04:56:03.860: [INFO][Sync] Prepare to configure types: Preferences, Passwords, Device Info, Send Tab To Self, Edge E Drop, Encryption Keys
2025-02-03 04:56:03.860: [INFO][SyncManagerImpl::ConfigureSyncer] Types to download: Preferences, Passwords, Device Info, Send Tab To Self, Edge E Drop, Encryption Keys with reason: 5
2025-02-03 04:56:03.860: [INFO][SyncSchedulerImpl::DoConfigurationSyncCycleJob] Blocked types:  and types to download: Preferences, Passwords, Device Info, Send Tab To Self, Edge E Drop, Encryption Keys
2025-02-03 04:56:04.295: [INFO][SyncEngineBackend::DoFinishConfigureDataTypes] Failed to download types:  and succeeded types: Preferences, Passwords, Device Info, Send Tab To Self, Edge E Drop, Encryption Keys
2025-02-03 04:56:04.297: [INFO][Sync] ConfigurationDone, failed: , succeeded: Preferences, Passwords, Device Info, Send Tab To Self, Edge E Drop, Encryption Keys, remaining count: 3
2025-02-03 04:56:04.297: [INFO][Sync] Prepare to configure types: Bookmarks, Encryption Keys
2025-02-03 04:56:04.297: [INFO][SyncManagerImpl::ConfigureSyncer] Types to download: Bookmarks, Encryption Keys with reason: 5
2025-02-03 04:56:04.297: [INFO][SyncSchedulerImpl::DoConfigurationSyncCycleJob] Blocked types:  and types to download: Bookmarks, Encryption Keys
2025-02-03 04:56:04.470: [INFO][SyncEngineBackend::DoFinishConfigureDataTypes] Failed to download types:  and succeeded types: Bookmarks, Encryption Keys
2025-02-03 04:56:04.470: [INFO][Sync] ConfigurationDone, failed: , succeeded: Bookmarks, Encryption Keys, remaining count: 2
2025-02-03 04:56:04.470: [INFO][Sync] Prepare to configure types: Autofill Profiles, Autofill, Extensions, Sessions, Extension settings, History Delete Directives, Web Apps, Collection, Edge Hub App Usage, Edge Tab Group, Edge Wallet, Encryption Keys
2025-02-03 04:56:04.470: [INFO][SyncManagerImpl::ConfigureSyncer] Types to download: Autofill Profiles, Autofill, Extensions, Sessions, Extension settings, History Delete Directives, Web Apps, Collection, Edge Hub App Usage, Edge Tab Group, Edge Wallet, Encryption Keys with reason: 5
2025-02-03 04:56:04.470: [INFO][SyncSchedulerImpl::DoConfigurationSyncCycleJob] Blocked types:  and types to download: Autofill Profiles, Autofill, Extensions, Sessions, Extension settings, History Delete Directives, Web Apps, Collection, Edge Hub App Usage, Edge Tab Group, Edge Wallet, Encryption Keys
2025-02-03 04:56:05.550: [INFO][SyncEngineBackend::DoFinishConfigureDataTypes] Failed to download types:  and succeeded types: Autofill Profiles, Autofill, Extensions, Sessions, Extension settings, History Delete Directives, Web Apps, Collection, Edge Hub App Usage, Edge Tab Group, Edge Wallet, Encryption Keys
2025-02-03 04:56:05.550: [INFO][Sync] ConfigurationDone, failed: , succeeded: Autofill Profiles, Autofill, Extensions, Sessions, Extension settings, History Delete Directives, Web Apps, Collection, Edge Hub App Usage, Edge Tab Group, Edge Wallet, Encryption Keys, remaining count: 1
2025-02-03 04:56:05.551: [INFO][Sync] Prepare to configure types: History, Encryption Keys
2025-02-03 04:56:05.551: [INFO][SyncManagerImpl::ConfigureSyncer] Types to download: History, Encryption Keys with reason: 5
2025-02-03 04:56:05.551: [INFO][SyncSchedulerImpl::DoConfigurationSyncCycleJob] Blocked types:  and types to download: History, Encryption Keys
2025-02-03 04:56:05.691: [INFO][SyncEngineBackend::DoFinishConfigureDataTypes] Failed to download types:  and succeeded types: History, Encryption Keys
2025-02-03 04:56:05.697: [INFO][Sync] ConfigurationDone, failed: , succeeded: History, Encryption Keys, remaining count: 0
2025-02-03 04:56:05.702: [INFO][Sync]     Configuration completed, state: 7
2025-02-03 04:56:05.702: [INFO][Sync] Configured DataTypeManager: Ok
2025-02-03 04:56:05.708: [INFO][SyncEngineBackend::DoStartSyncing] Start syncing
2025-02-03 06:08:02.728: [INFO][Sync] SyncState after authenticated was: FeatureNotRequestedNotSetup
2025-02-03 06:08:02.929: [INFO][Sync] Try to start sync engine
2025-02-03 06:08:02.931: [INFO][SyncManagerImpl::NudgeForInitialDownload] Initial download nudge for Encryption Keys
2025-02-03 06:08:02.931: [INFO][SyncEngineBackend::LoadAndConnectNigoriController] Load and connect Nigori controller
2025-02-03 06:08:02.931: [INFO][SyncEngineBackend::DoInitialize] Control Types added: Encryption Keys
2025-02-03 06:08:02.931: [INFO][SyncManagerImpl::ConfigureSyncer] Types to download: Encryption Keys with reason: 3
2025-02-03 06:08:02.931: [INFO][SyncSchedulerImpl::DoConfigurationSyncCycleJob] Configure job was blocked
2025-02-03 06:08:03.077: [INFO][SyncAuthManager::SetLastAuthError] Current auth error: None
2025-02-03 06:08:03.077: [INFO][SyncAuthManager::EdgeLogTokenErrorState] Token error with: None for account type: MSA
2025-02-03 06:08:03.077: [INFO][Sync] Credentials changed for: EdgeSyncScopeNew
2025-02-03 06:08:46.281: [INFO][Sync] Reset engine, reason: 0
2025-02-03 06:08:46.281: [INFO][Sync] Reset engine with reason: 0
2025-02-05 03:15:37.771: [INFO][Sync] Reset engine, reason: 8
2025-02-05 03:15:37.771: [INFO][Sync] Stopped: Bookmarks
2025-02-05 03:15:37.771: [INFO][Sync] Stopped: Preferences
2025-02-05 03:15:37.771: [INFO][Sync] Stopped: Passwords
2025-02-05 03:15:37.771: [INFO][Sync] Stopped: Autofill Profiles
2025-02-05 03:15:37.771: [INFO][Sync] Stopped: Autofill
2025-02-05 03:15:37.771: [INFO][Sync] Stopped: Extensions
2025-02-05 03:15:37.771: [INFO][Sync] Stopped: Sessions
2025-02-05 03:15:37.771: [INFO][Sync] Stopped: Extension settings
2025-02-05 03:15:37.771: [INFO][Sync] Stopped: History Delete Directives
2025-02-05 03:15:37.771: [INFO][Sync] Stopped: Device Info
2025-02-05 03:15:37.771: [INFO][Sync] Stopped: User Consents
2025-02-05 03:15:37.771: [INFO][Sync] Stopped: Send Tab To Self
2025-02-05 03:15:37.771: [INFO][Sync] Stopped: Web Apps
2025-02-05 03:15:37.771: [INFO][Sync] Stopped: History
2025-02-05 03:15:37.771: [INFO][Sync] Stopped: Collection
2025-02-05 03:15:37.771: [INFO][Sync] Stopped: Edge E Drop
2025-02-05 03:15:37.771: [INFO][Sync] Stopped: Edge Hub App Usage
2025-02-05 03:15:37.771: [INFO][Sync] Stopped: Edge Tab Group
2025-02-05 03:15:37.771: [INFO][Sync] Stopped: Edge Wallet
2025-02-05 03:15:37.771: [INFO][Sync] SyncState after authenticated was: NotSignedIn
2025-02-05 03:15:37.922: [INFO][Sync] Reset engine, reason: 8
2025-02-05 03:15:37.923: [INFO][Sync] Stopped: Bookmarks
2025-02-05 03:15:37.923: [INFO][Sync] Stopped: Preferences
2025-02-05 03:15:37.923: [INFO][Sync] Stopped: Passwords
2025-02-05 03:15:37.923: [INFO][Sync] Stopped: Autofill Profiles
2025-02-05 03:15:37.923: [INFO][Sync] Stopped: Autofill
2025-02-05 03:15:37.923: [INFO][Sync] Stopped: Extensions
2025-02-05 03:15:37.923: [INFO][Sync] Stopped: Sessions
2025-02-05 03:15:37.923: [INFO][Sync] Stopped: Extension settings
2025-02-05 03:15:37.923: [INFO][Sync] Stopped: History Delete Directives
2025-02-05 03:15:37.923: [INFO][Sync] Stopped: Device Info
2025-02-05 03:15:37.923: [INFO][Sync] Stopped: User Consents
2025-02-05 03:15:37.923: [INFO][Sync] Stopped: Send Tab To Self
2025-02-05 03:15:37.923: [INFO][Sync] Stopped: Web Apps
2025-02-05 03:15:37.923: [INFO][Sync] Stopped: History
2025-02-05 03:15:37.923: [INFO][Sync] Stopped: Collection
2025-02-05 03:15:37.923: [INFO][Sync] Stopped: Edge E Drop
2025-02-05 03:15:37.923: [INFO][Sync] Stopped: Edge Hub App Usage
2025-02-05 03:15:37.923: [INFO][Sync] Stopped: Edge Tab Group
2025-02-05 03:15:37.923: [INFO][Sync] Stopped: Edge Wallet
2025-02-05 03:15:40.490: [INFO][Sync] Try to start sync engine
2025-02-05 03:15:40.491: [INFO][SyncManagerImpl::NudgeForInitialDownload] Initial download nudge for Encryption Keys
2025-02-05 03:15:40.491: [INFO][SyncEngineBackend::LoadAndConnectNigoriController] Load and connect Nigori controller
2025-02-05 03:15:40.491: [INFO][SyncEngineBackend::DoInitialize] Control Types added: Encryption Keys
2025-02-05 03:15:40.491: [INFO][SyncManagerImpl::ConfigureSyncer] Types to download: Encryption Keys with reason: 3
2025-02-05 03:15:40.491: [INFO][SyncSchedulerImpl::DoConfigurationSyncCycleJob] Configure job was blocked
2025-02-05 03:15:40.539: [INFO][SyncAuthManager::SetLastAuthError] Current auth error: None
2025-02-05 03:15:40.539: [INFO][SyncAuthManager::EdgeLogTokenErrorState] Token error with: None for account type: MSA
2025-02-05 03:15:40.539: [INFO][Sync] Credentials changed for: EdgeSyncScopeNew
2025-02-05 03:15:42.361: [INFO][SyncAuthManager::SetLastAuthError] Current auth error: None
2025-02-05 03:15:42.361: [INFO][SyncAuthManager::EdgeLogTokenErrorState] Token error with: None for account type: MSA
2025-02-05 03:15:42.361: [INFO][Sync] Credentials changed for: EdgeSyncKeyDataScope
2025-02-05 03:15:42.361: [INFO][SyncEngineBackend::DoUpdateKeyDataCredentials] Update key data credentials
2025-02-05 03:15:42.361: [INFO][SyncEngineBackend::DoUpdateCredentials] Update credentials
2025-02-05 03:15:42.361: [INFO][SyncSchedulerImpl::DoConfigurationSyncCycleJob] Blocked types:  and types to download: Encryption Keys
2025-02-05 03:15:42.703: [INFO][Sync] Started DataTypeManager configuration, reason: 4
2025-02-05 03:15:42.703: [INFO][Sync] Configuring for: Bookmarks, Preferences, Passwords, Autofill Profiles, Autofill, Extensions, Sessions, Extension settings, History Delete Directives, Device Info, User Consents, Send Tab To Self, Web Apps, History, Collection, Edge E Drop, Edge Hub App Usage, Edge Tab Group, Edge Wallet, Encryption Keys, reason: 3, current state: 0
2025-02-05 03:15:42.708: [INFO][Sync] Configure, desired: Bookmarks, Preferences, Extensions, Sessions, Extension settings, History Delete Directives, Device Info, User Consents, Send Tab To Self, Web Apps, History, Collection, Edge E Drop, Edge Hub App Usage, Edge Tab Group, Edge Wallet, Encryption Keys; Allow fail: Passwords, Autofill Profiles, Autofill
2025-02-05 03:15:42.708: [INFO][Sync] Loading: Bookmarks
2025-02-05 03:15:42.708: [INFO][Sync] Loading: Preferences
2025-02-05 03:15:42.708: [INFO][Sync] Loading: Extensions
2025-02-05 03:15:42.708: [INFO][Sync] Loading: Sessions
2025-02-05 03:15:42.708: [INFO][Sync] Loading: Extension settings
2025-02-05 03:15:42.708: [INFO][Sync] Loading: History Delete Directives
2025-02-05 03:15:42.708: [INFO][Sync] Loading: Device Info
2025-02-05 03:15:42.708: [INFO][Sync] Loading: User Consents
2025-02-05 03:15:42.708: [INFO][Sync] Loading: Send Tab To Self
2025-02-05 03:15:42.708: [INFO][Sync] Loading: Web Apps
2025-02-05 03:15:42.708: [INFO][Sync] Loading: History
2025-02-05 03:15:42.708: [INFO][Sync] Loading: Collection
2025-02-05 03:15:42.708: [INFO][Sync] Loading: Edge E Drop
2025-02-05 03:15:42.708: [INFO][Sync] Loading: Edge Hub App Usage
2025-02-05 03:15:42.708: [INFO][Sync] Loading: Edge Tab Group
2025-02-05 03:15:42.708: [INFO][Sync] Loading: Edge Wallet
2025-02-05 03:15:42.715: [INFO][Sync] All data types are ready for configure.
2025-02-05 03:15:43.168: [INFO][SyncEngineBackend::DoStartConfiguration] Start configuration
2025-02-05 03:15:43.168: [INFO][SyncManagerImpl::NudgeForInitialDownload] Initial download nudge for Bookmarks
2025-02-05 03:15:43.168: [INFO][SyncManagerImpl::NudgeForInitialDownload] Initial download nudge for Preferences
2025-02-05 03:15:43.168: [INFO][SyncManagerImpl::NudgeForInitialDownload] Initial download nudge for Extensions
2025-02-05 03:15:43.168: [INFO][SyncManagerImpl::NudgeForInitialDownload] Initial download nudge for Sessions
2025-02-05 03:15:43.168: [INFO][SyncManagerImpl::NudgeForInitialDownload] Initial download nudge for Extension settings
2025-02-05 03:15:43.168: [INFO][SyncManagerImpl::NudgeForInitialDownload] Initial download nudge for History Delete Directives
2025-02-05 03:15:43.168: [INFO][SyncManagerImpl::NudgeForInitialDownload] Initial download nudge for Device Info
2025-02-05 03:15:43.168: [INFO][SyncManagerImpl::NudgeForInitialDownload] Initial download nudge for Send Tab To Self
2025-02-05 03:15:43.168: [INFO][SyncManagerImpl::NudgeForInitialDownload] Initial download nudge for Web Apps
2025-02-05 03:15:43.168: [INFO][SyncManagerImpl::NudgeForInitialDownload] Initial download nudge for History
2025-02-05 03:15:43.168: [INFO][SyncManagerImpl::NudgeForInitialDownload] Initial download nudge for Collection
2025-02-05 03:15:43.168: [INFO][SyncManagerImpl::NudgeForInitialDownload] Initial download nudge for Edge E Drop
2025-02-05 03:15:43.168: [INFO][SyncManagerImpl::NudgeForInitialDownload] Initial download nudge for Edge Hub App Usage
2025-02-05 03:15:43.168: [INFO][SyncManagerImpl::NudgeForInitialDownload] Initial download nudge for Edge Tab Group
2025-02-05 03:15:43.168: [INFO][SyncManagerImpl::NudgeForInitialDownload] Initial download nudge for Edge Wallet
2025-02-05 03:15:43.168: [INFO][SyncManagerImpl::ConfigureSyncer] Types to download:  with reason: 3
2025-02-05 03:15:43.168: [INFO][SyncEngineBackend::DoFinishConfigureDataTypes] Failed to download types:  and succeeded types: 
2025-02-05 03:15:43.171: [INFO][Sync] Started DataTypeManager configuration, reason: 5
2025-02-05 03:15:43.171: [INFO][Sync] Configuring for: Bookmarks, Preferences, Passwords, Autofill Profiles, Autofill, Extensions, Sessions, Extension settings, History Delete Directives, Device Info, User Consents, Send Tab To Self, Web Apps, History, Collection, Edge E Drop, Edge Hub App Usage, Edge Tab Group, Edge Wallet, Encryption Keys, reason: 5, current state: 1
2025-02-05 03:15:43.175: [INFO][Sync] ConfigurationDone, failed: , succeeded: , remaining count: 4
2025-02-05 03:15:43.175: [WARN][Sync]     Reconfigure requested while configuration ongoing.
2025-02-05 03:15:43.175: [INFO][Sync] Configuring for: Bookmarks, Preferences, Passwords, Autofill Profiles, Autofill, Extensions, Sessions, Extension settings, History Delete Directives, Device Info, User Consents, Send Tab To Self, Web Apps, History, Collection, Edge E Drop, Edge Hub App Usage, Edge Tab Group, Edge Wallet, Encryption Keys, reason: 5, current state: 2
2025-02-05 03:15:43.175: [INFO][Sync] Configure, desired: Bookmarks, Preferences, Passwords, Autofill Profiles, Autofill, Extensions, Sessions, Extension settings, History Delete Directives, Device Info, User Consents, Send Tab To Self, Web Apps, History, Collection, Edge E Drop, Edge Hub App Usage, Edge Tab Group, Edge Wallet, Encryption Keys; Allow fail: 
2025-02-05 03:15:43.175: [INFO][Sync] Loading: Passwords
2025-02-05 03:15:43.175: [INFO][Sync] Loading: Autofill Profiles
2025-02-05 03:15:43.175: [INFO][Sync] Loading: Autofill
2025-02-05 03:15:43.176: [INFO][Sync] All data types are ready for configure.
2025-02-05 03:15:43.176: [INFO][SyncManagerImpl::NudgeForInitialDownload] Initial download nudge for Passwords
2025-02-05 03:15:43.176: [INFO][SyncManagerImpl::NudgeForInitialDownload] Initial download nudge for Autofill Profiles
2025-02-05 03:15:43.176: [INFO][SyncManagerImpl::NudgeForInitialDownload] Initial download nudge for Autofill
2025-02-05 03:15:43.176: [INFO][SyncManagerImpl::ConfigureSyncer] Types to download:  with reason: 5
2025-02-05 03:15:43.176: [INFO][SyncEngineBackend::DoFinishConfigureDataTypes] Failed to download types:  and succeeded types: 
2025-02-05 03:15:43.177: [INFO][Sync] ConfigurationDone, failed: , succeeded: , remaining count: 4
2025-02-05 03:15:43.177: [INFO][Sync] Prepare to configure types: Preferences, Passwords, Device Info, Send Tab To Self, Edge E Drop, Encryption Keys
2025-02-05 03:15:43.178: [INFO][SyncManagerImpl::ConfigureSyncer] Types to download: Preferences, Passwords, Device Info, Send Tab To Self, Edge E Drop, Encryption Keys with reason: 5
2025-02-05 03:15:43.178: [INFO][SyncSchedulerImpl::DoConfigurationSyncCycleJob] Blocked types:  and types to download: Preferences, Passwords, Device Info, Send Tab To Self, Edge E Drop, Encryption Keys
2025-02-05 03:15:43.514: [INFO][SyncEngineBackend::DoFinishConfigureDataTypes] Failed to download types:  and succeeded types: Preferences, Passwords, Device Info, Send Tab To Self, Edge E Drop, Encryption Keys
2025-02-05 03:15:43.520: [INFO][Sync] ConfigurationDone, failed: , succeeded: Preferences, Passwords, Device Info, Send Tab To Self, Edge E Drop, Encryption Keys, remaining count: 3
2025-02-05 03:15:43.520: [INFO][Sync] Prepare to configure types: Bookmarks, Encryption Keys
2025-02-05 03:15:43.520: [INFO][SyncManagerImpl::ConfigureSyncer] Types to download: Bookmarks, Encryption Keys with reason: 5
2025-02-05 03:15:43.520: [INFO][SyncSchedulerImpl::DoConfigurationSyncCycleJob] Blocked types:  and types to download: Bookmarks, Encryption Keys
2025-02-05 03:15:43.628: [INFO][SyncEngineBackend::DoFinishConfigureDataTypes] Failed to download types:  and succeeded types: Bookmarks, Encryption Keys
2025-02-05 03:15:43.635: [INFO][Sync] ConfigurationDone, failed: , succeeded: Bookmarks, Encryption Keys, remaining count: 2
2025-02-05 03:15:43.635: [INFO][Sync] Prepare to configure types: Autofill Profiles, Autofill, Extensions, Sessions, Extension settings, History Delete Directives, Web Apps, Collection, Edge Hub App Usage, Edge Tab Group, Edge Wallet, Encryption Keys
2025-02-05 03:15:43.635: [INFO][SyncManagerImpl::ConfigureSyncer] Types to download: Autofill Profiles, Autofill, Extensions, Sessions, Extension settings, History Delete Directives, Web Apps, Collection, Edge Hub App Usage, Edge Tab Group, Edge Wallet, Encryption Keys with reason: 5
2025-02-05 03:15:43.635: [INFO][SyncSchedulerImpl::DoConfigurationSyncCycleJob] Blocked types:  and types to download: Autofill Profiles, Autofill, Extensions, Sessions, Extension settings, History Delete Directives, Web Apps, Collection, Edge Hub App Usage, Edge Tab Group, Edge Wallet, Encryption Keys
2025-02-05 03:15:44.021: [INFO][SyncEngineBackend::DoFinishConfigureDataTypes] Failed to download types:  and succeeded types: Autofill Profiles, Autofill, Extensions, Sessions, Extension settings, History Delete Directives, Web Apps, Collection, Edge Hub App Usage, Edge Tab Group, Edge Wallet, Encryption Keys
2025-02-05 03:15:44.035: [INFO][Sync] ConfigurationDone, failed: , succeeded: Autofill Profiles, Autofill, Extensions, Sessions, Extension settings, History Delete Directives, Web Apps, Collection, Edge Hub App Usage, Edge Tab Group, Edge Wallet, Encryption Keys, remaining count: 1
2025-02-05 03:15:44.040: [INFO][Sync] Prepare to configure types: History, Encryption Keys
2025-02-05 03:15:44.041: [INFO][SyncManagerImpl::ConfigureSyncer] Types to download: History, Encryption Keys with reason: 5
2025-02-05 03:15:44.041: [INFO][SyncSchedulerImpl::DoConfigurationSyncCycleJob] Blocked types:  and types to download: History, Encryption Keys
2025-02-05 03:15:44.267: [INFO][SyncEngineBackend::DoFinishConfigureDataTypes] Failed to download types:  and succeeded types: History, Encryption Keys
2025-02-05 03:15:44.276: [INFO][Sync] ConfigurationDone, failed: , succeeded: History, Encryption Keys, remaining count: 0
2025-02-05 03:15:44.288: [INFO][Sync]     Configuration completed, state: 7
2025-02-05 03:15:44.289: [INFO][Sync] Configured DataTypeManager: Ok
2025-02-05 03:15:44.297: [INFO][SyncEngineBackend::DoStartSyncing] Start syncing
